{"/Users/thankyou/projects/life_front/function.js": {"path":"/Users/thankyou/projects/life_front/function.js","statementMap":{"0":{"start":{"line":4,"column":13},"end":{"line":4,"column":26}},"1":{"start":{"line":5,"column":18},"end":{"line":5,"column":20}},"2":{"start":{"line":7,"column":4},"end":{"line":28,"column":3}},"3":{"start":{"line":7,"column":17},"end":{"line":7,"column":18}},"4":{"start":{"line":9,"column":17},"end":{"line":9,"column":28}},"5":{"start":{"line":11,"column":16},"end":{"line":11,"column":34}},"6":{"start":{"line":13,"column":16},"end":{"line":13,"column":28}},"7":{"start":{"line":15,"column":16},"end":{"line":15,"column":34}},"8":{"start":{"line":17,"column":16},"end":{"line":17,"column":26}},"9":{"start":{"line":19,"column":16},"end":{"line":19,"column":26}},"10":{"start":{"line":21,"column":16},"end":{"line":21,"column":33}},"11":{"start":{"line":23,"column":16},"end":{"line":23,"column":30}},"12":{"start":{"line":25,"column":16},"end":{"line":25,"column":34}},"13":{"start":{"line":27,"column":4},"end":{"line":27,"column":69}},"14":{"start":{"line":30,"column":2},"end":{"line":30,"column":18}},"15":{"start":{"line":34,"column":0},"end":{"line":34,"column":31}}},"fnMap":{"0":{"name":"live_surround","decl":{"start":{"line":2,"column":9},"end":{"line":2,"column":22}},"loc":{"start":{"line":2,"column":46},"end":{"line":32,"column":1}},"line":2}},"branchMap":{},"s":{"0":1,"1":1,"2":1,"3":1,"4":1,"5":1,"6":1,"7":1,"8":1,"9":1,"10":1,"11":1,"12":1,"13":1,"14":1,"15":1},"f":{"0":1},"b":{},"_coverageSchema":"1a1c01bbd47fc00a2c39e90264f33305004495a9","hash":"695e84c74511c6c5c34683902fb26999aac8a02b"}
}
